<?xml version="1.0" encoding="UTF-8"?>
<!-- Generated by org.testng.reporters.JUnitReportReporter -->
<testsuite hostname="mattibharath" failures="0" tests="1" name="com.comcast.crm.Functional_Test.CreateOrgnizationTest" time="40.004" errors="0" timestamp="2024-05-13T12:20:43 IST" skipped="0">
  <testcase classname="com.comcast.crm.Functional_Test.CreateOrgnizationTest" name="CreateOrganization" time="40.004"/>
  <system-out/>
</testsuite> <!-- com.comcast.crm.Functional_Test.CreateOrgnizationTest -->
