<?xml version="1.0" encoding="UTF-8"?>
<!-- Generated by org.testng.reporters.JUnitReportReporter -->
<testsuite hostname="mattibharath" failures="0" tests="3" name="com.comcast.crm.Contact_Test.CreatingAContact_Test" time="158.695" errors="0" timestamp="2024-08-08T17:22:32 IST" skipped="0">
  <testcase classname="com.comcast.crm.Contact_Test.CreatingAContact_Test" name="CreatingContactWithDate" time="32.071"/>
  <system-out/>
  <testcase classname="com.comcast.crm.Contact_Test.CreatingAContact_Test" name="CreatingContactWIthOrgName" time="104.793"/>
  <system-out/>
  <testcase classname="com.comcast.crm.Contact_Test.CreatingAContact_Test" name="creatingcontact" time="21.831"/>
  <system-out/>
</testsuite> <!-- com.comcast.crm.Contact_Test.CreatingAContact_Test -->
