<?xml version="1.0" encoding="UTF-8"?>
<!-- Generated by org.testng.reporters.JUnitReportReporter -->
<testsuite hostname="mattibharath" failures="0" tests="1" name="com.comcast.crm.Functional_Test.CreateANewContactWithDate_Test" time="22.570" errors="0" timestamp="2024-05-13T16:37:27 IST" skipped="0">
  <testcase classname="com.comcast.crm.Functional_Test.CreateANewContactWithDate_Test" name="Creatingnewcontactwithdate" time="22.570"/>
  <system-out/>
</testsuite> <!-- com.comcast.crm.Functional_Test.CreateANewContactWithDate_Test -->
