<?xml version="1.0" encoding="UTF-8"?>
<!-- Generated by org.testng.reporters.JUnitReportReporter -->
<testsuite hostname="mattibharath" failures="0" tests="1" name="com.comcast.crm.Functional_Test.CreatingAContact_Test" time="29.972" errors="0" timestamp="2024-05-13T15:15:49 IST" skipped="0">
  <testcase classname="com.comcast.crm.Functional_Test.CreatingAContact_Test" name="creatingcontact" time="29.972"/>
  <system-out/>
</testsuite> <!-- com.comcast.crm.Functional_Test.CreatingAContact_Test -->
