<?xml version="1.0" encoding="UTF-8"?>
<!-- Generated by org.testng.reporters.JUnitReportReporter -->
<testsuite hostname="mattibharath" failures="0" tests="1" name="com.comcast.crm.Functional_Test.CreatingOrgWithIndustryType_Test" time="30.849" errors="0" timestamp="2024-05-13T14:23:40 IST" skipped="0">
  <testcase classname="com.comcast.crm.Functional_Test.CreatingOrgWithIndustryType_Test" name="createorgwithidustryDD" time="30.849"/>
  <system-out/>
</testsuite> <!-- com.comcast.crm.Functional_Test.CreatingOrgWithIndustryType_Test -->
