<?xml version="1.0" encoding="UTF-8"?>
<!-- Generated by org.testng.reporters.JUnitReportReporter -->
<testsuite hostname="mattibharath" failures="0" tests="1" name="com.comcast.crm.Contact_Test.CreateANewContactWithDate_Test" time="22.792" errors="0" timestamp="2024-05-15T12:12:51 IST" skipped="0">
  <testcase classname="com.comcast.crm.Contact_Test.CreateANewContactWithDate_Test" name="Creatingnewcontactwithdate" time="22.792"/>
  <system-out/>
</testsuite> <!-- com.comcast.crm.Contact_Test.CreateANewContactWithDate_Test -->
