<?xml version="1.0" encoding="UTF-8"?>
<!-- Generated by org.testng.reporters.JUnitReportReporter -->
<testsuite hostname="mattibharath" failures="0" tests="1" name="com.comcast.crm.Functional_Test.CreatingcontactWithOrganization_Test" time="84.253" errors="0" timestamp="2024-05-13T18:07:27 IST" skipped="0">
  <testcase classname="com.comcast.crm.Functional_Test.CreatingcontactWithOrganization_Test" name="creatingcontactwithorg" time="84.253"/>
  <system-out/>
</testsuite> <!-- com.comcast.crm.Functional_Test.CreatingcontactWithOrganization_Test -->
