<?xml version="1.0" encoding="UTF-8"?>
<!-- Generated by org.testng.reporters.JUnitReportReporter -->
<testsuite hostname="mattibharath" failures="0" tests="1" name="com.comcast.crm.BaseclassUtility.PracticeOnBaseClass" time="2.912" errors="0" timestamp="2024-05-15T12:08:38 IST" skipped="0">
  <testcase classname="com.comcast.crm.BaseclassUtility.PracticeOnBaseClass" name="GettuingData" time="2.912"/>
  <system-out/>
</testsuite> <!-- com.comcast.crm.BaseclassUtility.PracticeOnBaseClass -->
