<?xml version="1.0" encoding="UTF-8"?>
<!-- Generated by org.testng.reporters.JUnitReportReporter -->
<testsuite hostname="mattibharath" failures="0" tests="1" name="com.comcast.crm.Contact_Test.dataBaseConnection" time="0.580" errors="0" timestamp="2024-06-03T15:31:36 IST" skipped="0">
  <testcase classname="com.comcast.crm.Contact_Test.dataBaseConnection" name="connectingToTheDase" time="0.580"/>
  <system-out/>
</testsuite> <!-- com.comcast.crm.Contact_Test.dataBaseConnection -->
